<?xml version="1.0" encoding="UTF-8"?>
<!-- Generated by org.testng.reporters.JUnitReportReporter -->
<testsuite hostname="IN-00239222" failures="0" tests="4" name="test.APITest" time="0.012" errors="0" timestamp="2021-11-03T02:37:03 GMT" skipped="0">
  <testcase classname="test.APITest" name="ApI3" time="0.002"/>
  <system-out/>
  <testcase classname="test.APITest" name="ApI" time="0.008"/>
  <system-out/>
  <testcase classname="test.APITest" name="ApI2" time="0.001"/>
  <system-out/>
  <testcase classname="test.APITest" name="ApI1" time="0.001"/>
  <system-out/>
</testsuite> <!-- test.APITest -->
