<?xml version="1.0" encoding="UTF-8"?>
<!-- Generated by org.testng.reporters.JUnitReportReporter -->
<testsuite hostname="IN-00239222" failures="0" tests="4" name="mvbb.APITest" time="0.005" errors="0" timestamp="2021-11-03T03:20:38 GMT" skipped="0">
  <testcase classname="mvbb.APITest" name="ApI1" time="0.001"/>
  <system-out/>
  <testcase classname="mvbb.APITest" name="ApI3" time="0.002"/>
  <system-out/>
  <testcase classname="mvbb.APITest" name="ApI" time="0.001"/>
  <system-out/>
  <testcase classname="mvbb.APITest" name="ApI2" time="0.001"/>
  <system-out/>
</testsuite> <!-- mvbb.APITest -->
