<?xml version="1.0" encoding="UTF-8"?>
<!-- Generated by org.testng.reporters.JUnitReportReporter -->
<testsuite hostname="IN-00239222" failures="0" tests="3" name="mvbb.mobileTest" time="0.009" errors="0" timestamp="2021-11-03T03:20:38 GMT" skipped="0">
  <testcase classname="mvbb.mobileTest" name="run" time="0.008"/>
  <system-out/>
  <testcase classname="mvbb.mobileTest" name="run1" time="0.001"/>
  <system-out/>
  <testcase classname="mvbb.mobileTest" name="run2" time="0.000"/>
  <system-out/>
</testsuite> <!-- mvbb.mobileTest -->
