<?xml version="1.0" encoding="UTF-8"?>
<!-- Generated by org.testng.reporters.JUnitReportReporter -->
<testsuite hostname="IN-00239222" failures="0" tests="1" name="mvbb.webTest" time="0.015" errors="0" timestamp="2021-11-03T03:20:38 GMT" skipped="0">
  <testcase classname="mvbb.webTest" name="mob" time="0.015"/>
  <system-out/>
</testsuite> <!-- mvbb.webTest -->
