<?xml version="1.0" encoding="UTF-8"?>
<!-- Generated by org.testng.reporters.JUnitReportReporter -->
<testsuite hostname="IN-00239222" failures="0" tests="3" name="test.mobile" time="0.010" errors="0" timestamp="2021-11-03T02:34:41 GMT" skipped="0">
  <testcase classname="test.mobile" name="run1" time="0.001"/>
  <system-out/>
  <testcase classname="test.mobile" name="run" time="0.008"/>
  <system-out/>
  <testcase classname="test.mobile" name="run2" time="0.001"/>
  <system-out/>
</testsuite> <!-- test.mobile -->
