<?xml version="1.0" encoding="UTF-8"?>
<!-- Generated by org.testng.reporters.JUnitReportReporter -->
<testsuite hostname="IN-00239222" failures="0" tests="1" name="Utilities.LoginPage" time="5.540" errors="0" timestamp="2021-09-29T12:57:43 BST" skipped="0">
  <testcase classname="Utilities.LoginPage" name="Login" time="5.540"/>
  <system-out/>
</testsuite> <!-- Utilities.LoginPage -->
