<?xml version="1.0" encoding="UTF-8"?>
<!-- Generated by org.testng.reporters.JUnitReportReporter -->
<testsuite hostname="IN-00239222" failures="0" tests="1" name="Academy.Base" time="0.007" errors="0" timestamp="2021-09-28T18:24:43 BST" skipped="0">
  <testcase classname="Academy.Base" name="initializeDriver" time="0.007"/>
  <system-out/>
</testsuite> <!-- Academy.Base -->
