<?xml version="1.0" encoding="UTF-8"?>
<!-- Generated by org.testng.reporters.JUnitReportReporter -->
<testsuite hostname="IN-00239222" failures="0" tests="2" name="Resources.HomePage" time="27.640" errors="0" timestamp="2021-09-30T15:03:03 BST" skipped="0">
  <testcase classname="Resources.HomePage" name="basePageNavigation" time="16.546"/>
  <system-out/>
  <testcase classname="Resources.HomePage" name="basePageNavigation" time="11.094"/>
  <system-out/>
</testsuite> <!-- Resources.HomePage -->
