<?xml version="1.0" encoding="UTF-8"?>
<!-- Generated by org.testng.reporters.JUnitReportReporter -->
<testsuite hostname="IN-00239222" failures="0" tests="1" name="Academy.HomePage" time="4.279" errors="0" timestamp="2021-09-28T19:43:32 BST" skipped="0">
  <testcase classname="Academy.HomePage" name="basePageNavigation" time="4.279"/>
  <system-out/>
</testsuite> <!-- Academy.HomePage -->
