<?xml version="1.0" encoding="UTF-8"?>
<!-- Generated by org.testng.reporters.JUnitReportReporter -->
<testsuite hostname="IN-00239222" failures="0" tests="1" name="Academy.google" time="5.167" errors="0" timestamp="2021-09-28T19:41:16 BST" skipped="0">
  <testcase classname="Academy.google" name="serch" time="5.167"/>
  <system-out/>
</testsuite> <!-- Academy.google -->
