<?xml version="1.0" encoding="UTF-8"?>
<!-- Generated by org.testng.reporters.JUnitReportReporter -->
<testsuite hostname="IN-00239222" failures="0" tests="4" name="TestNGGGGPrioritycheck" time="0.010" errors="0" timestamp="2021-11-02T02:29:55 GMT" skipped="0">
  <testcase classname="TestNGGGGPrioritycheck" name="b" time="0.001"/>
  <system-out/>
  <testcase classname="TestNGGGGPrioritycheck" name="a" time="0.007"/>
  <system-out/>
  <testcase classname="TestNGGGGPrioritycheck" name="a0" time="0.001"/>
  <system-out/>
  <testcase classname="TestNGGGGPrioritycheck" name="a1" time="0.001"/>
  <system-out/>
</testsuite> <!-- TestNGGGGPrioritycheck -->
