<?xml version="1.0" encoding="UTF-8"?>
<!-- Generated by org.testng.reporters.JUnitReportReporter -->
<testsuite hostname="IN-00239222" failures="0" tests="3" name="NewLocators" time="0.486" errors="0" timestamp="2021-11-02T05:53:45 GMT" skipped="0">
  <testcase classname="NewLocators" name="EnterName" time="0.127"/>
  <system-out/>
  <testcase classname="NewLocators" name="EnterPass" time="0.176"/>
  <system-out/>
  <testcase classname="NewLocators" name="EnterMail" time="0.183"/>
  <system-out/>
</testsuite> <!-- NewLocators -->
