<?xml version="1.0" encoding="UTF-8"?>
<!-- Generated by org.testng.reporters.JUnitReportReporter -->
<testsuite hostname="IN-00239222" failures="0" tests="2" name="Test.day1" time="0.016" errors="0" timestamp="2021-09-12T12:59:12 BST" skipped="0">
  <testcase classname="Test.day1" name="Demo" time="0.014"/>
  <system-out/>
  <testcase classname="Test.day1" name="Second" time="0.002"/>
  <system-out/>
</testsuite> <!-- Test.day1 -->
