<?xml version="1.0" encoding="UTF-8"?>
<!-- Generated by org.testng.reporters.JUnitReportReporter -->
<testsuite hostname="IN-00239222" failures="0" tests="1" name="Test.DataDriven" time="0.019" errors="0" timestamp="2021-09-13T13:39:15 BST" skipped="0">
  <testcase classname="Test.DataDriven" name="Login" time="0.019"/>
  <system-out/>
</testsuite> <!-- Test.DataDriven -->
