<?xml version="1.0" encoding="UTF-8"?>
<!-- Generated by org.testng.reporters.JUnitReportReporter -->
<testsuite hostname="IN-00239222" failures="0" tests="1" name="Testcases.LoginApplication" time="6.673" errors="0" timestamp="2021-09-28T11:36:57 BST" skipped="0">
  <testcase classname="Testcases.LoginApplication" name="Login" time="6.673"/>
  <system-out/>
</testsuite> <!-- Testcases.LoginApplication -->
