<?xml version="1.0" encoding="UTF-8"?>
<!-- Generated by org.testng.reporters.JUnitReportReporter -->
<testsuite hostname="IN-00239222" failures="0" tests="1" name="TTest" time="0.036" errors="0" timestamp="2021-09-10T12:32:53 BST" skipped="0">
  <testcase classname="TTest" name="asset" time="0.036"/>
  <system-out/>
</testsuite> <!-- TTest -->
