<?xml version="1.0" encoding="UTF-8"?>
<!-- Generated by org.testng.reporters.JUnitReportReporter -->
<testsuite hostname="IN-00239222" failures="0" tests="2" name="TestNG.Day1" time="0.025" errors="0" timestamp="2021-10-09T12:00:08 BST" skipped="0">
  <testcase classname="TestNG.Day1" name="Demo" time="0.022"/>
  <system-out/>
  <testcase classname="TestNG.Day1" name="Demo2" time="0.003"/>
  <system-out/>
</testsuite> <!-- TestNG.Day1 -->
