<?xml version="1.0" encoding="UTF-8"?>
<!-- Generated by org.testng.reporters.JUnitReportReporter -->
<testsuite hostname="IN-00239222" failures="0" tests="2" name="Loginpage.Login" time="12.069" errors="0" timestamp="2021-09-28T22:22:00 BST" skipped="0">
  <testcase classname="Loginpage.Login" name="login" time="7.527"/>
  <system-out/>
  <testcase classname="Loginpage.Login" name="login" time="4.542"/>
  <system-out/>
</testsuite> <!-- Loginpage.Login -->
